make --dry-run --keep-going --print-directory
make: Entering directory '/home/tomaz/Work/lunatik'
 
# Create build dir.
mkdir -p /home/tomaz/Work/lunatik/build
# And bin dir.
mkdir -p /home/tomaz/Work/lunatik/bin
make -C /home/tomaz/Work/lunatik/lib BIN_DIR=/home/tomaz/Work/lunatik/bin BUILD_DIR=/home/tomaz/Work/lunatik/build/lib
 
make[1]: Entering directory '/home/tomaz/Work/lunatik/lib'
make -C idp-udev
 
make[2]: Entering directory '/home/tomaz/Work/lunatik/lib/idp-udev'
 
# Create build dir.
mkdir -p /home/tomaz/Work/lunatik/build/lib
# And bin dir.
mkdir -p /home/tomaz/Work/lunatik/bin
make -C /home/tomaz/Work/lunatik/lib/idp-udev/src
 
make[3]: Entering directory '/home/tomaz/Work/lunatik/lib/idp-udev/src'
make -C usdcc
 
make[4]: Entering directory '/home/tomaz/Work/lunatik/lib/idp-udev/src/usdcc'
make[4]: Nothing to be done for 'all'.
make[4]: Leaving directory '/home/tomaz/Work/lunatik/lib/idp-udev/src/usdcc'
 
make -C ulibc
 
make[4]: Entering directory '/home/tomaz/Work/lunatik/lib/idp-udev/src/ulibc'
make[4]: Nothing to be done for 'all'.
make[4]: Leaving directory '/home/tomaz/Work/lunatik/lib/idp-udev/src/ulibc'
 
make -C ugpx
 
make[4]: Entering directory '/home/tomaz/Work/lunatik/lib/idp-udev/src/ugpx'
make[4]: Nothing to be done for 'all'.
make[4]: Leaving directory '/home/tomaz/Work/lunatik/lib/idp-udev/src/ugpx'
 
make[3]: Leaving directory '/home/tomaz/Work/lunatik/lib/idp-udev/src'
 
cp /home/tomaz/Work/lunatik/build/lib/*.lib /home/tomaz/Work/lunatik/bin
cp /home/tomaz/Work/lunatik/build/lib/crt0.rel /home/tomaz/Work/lunatik/bin
 
make[2]: Leaving directory '/home/tomaz/Work/lunatik/lib/idp-udev'
 
make[1]: Leaving directory '/home/tomaz/Work/lunatik/lib'
 
make -C /home/tomaz/Work/lunatik/src
 
make[1]: Entering directory '/home/tomaz/Work/lunatik/src'
make[1]: Nothing to be done for 'all'.
make[1]: Leaving directory '/home/tomaz/Work/lunatik/src'
 
# Inside bin dir.
cp /home/tomaz/Work/lunatik/disk/diskdefs .
mkfs.cpm -f idpfdd -t /home/tomaz/Work/lunatik/bin/fddb.img
cpmcp -f idpfdd /home/tomaz/Work/lunatik/bin/fddb.img /home/tomaz/Work/lunatik/build/lunatik.com 0:lunatik.com
# cpmcp -f idpfdd /home/tomaz/Work/lunatik/bin/fddb.img /home/tomaz/Work/lunatik/disk/extras/*.* 0:
rm ./diskdefs
make: Leaving directory '/home/tomaz/Work/lunatik'
 
